<?xml version="1.0" encoding="UTF-8"?>
<!-- Generated by org.testng.reporters.JUnitReportReporter -->
<testsuite hostname="WPLNXQVWDI30X4N" name="huirongTest" tests="1" failures="0" timestamp="18 Sep 2016 09:19:09 GMT" time="12.278" errors="0">
  <testcase name="test1" time="12.278" classname="huirongTest"/>
</testsuite> <!-- huirongTest -->
