<?xml version="1.0" encoding="UTF-8"?>
<!-- Generated by org.testng.reporters.JUnitReportReporter -->
<testsuite hostname="WPLNXQVWDI30X4N" name="cn.sele.homework1" tests="1" failures="0" timestamp="7 Sep 2016 02:17:34 GMT" time="3.560" errors="0">
  <testcase name="test2" time="3.560" classname="cn.sele.homework1"/>
</testsuite> <!-- cn.sele.homework1 -->
