<?xml version="1.0" encoding="UTF-8"?>
<!-- Generated by org.testng.reporters.JUnitReportReporter -->
<testsuite hostname="WPLNXQVWDI30X4N" name="com.hrfax.cn.hrrEgisterTest" tests="1" failures="0" timestamp="10 Oct 2016 08:58:30 GMT" time="15.334" errors="0">
  <testcase name="test1" time="15.334" classname="com.hrfax.cn.hrrEgisterTest"/>
</testsuite> <!-- com.hrfax.cn.hrrEgisterTest -->
