<?xml version="1.0" encoding="UTF-8"?>
<!-- Generated by org.testng.reporters.JUnitReportReporter -->
<testsuite hostname="WPLNXQVWDI30X4N" name="com.jdtest.cn.testHomePage" tests="1" failures="0" timestamp="13 Sep 2016 15:27:36 GMT" time="23.475" errors="0">
  <testcase name="jdpage" time="23.475" classname="com.jdtest.cn.testHomePage"/>
</testsuite> <!-- com.jdtest.cn.testHomePage -->
