<?xml version="1.0" encoding="UTF-8"?>
<!-- Generated by org.testng.reporters.JUnitReportReporter -->
<testsuite hostname="WPLNXQVWDI30X4N" name="cn.sele.httpJsoup" tests="1" failures="0" timestamp="12 Oct 2016 10:04:56 GMT" time="20.235" errors="0">
  <testcase name="test" time="20.235" classname="cn.sele.httpJsoup"/>
</testsuite> <!-- cn.sele.httpJsoup -->
