<?xml version="1.0" encoding="UTF-8"?>
<!-- Generated by org.testng.reporters.JUnitReportReporter -->
<testsuite hostname="WPLNXQVWDI30X4N" name="com.hrfax.cn.hrrEgisterTest" tests="1" failures="0" timestamp="24 Nov 2016 08:46:26 GMT" time="12.448" errors="0">
  <testcase name="test1" time="12.448" classname="com.hrfax.cn.hrrEgisterTest"/>
</testsuite> <!-- com.hrfax.cn.hrrEgisterTest -->
